#-----------------------------------------------------------
# Vivado v2019.2 (64-bit)
# SW Build 2700185 on Thu Oct 24 18:46:05 MDT 2019
# IP Build 2699827 on Thu Oct 24 21:16:38 MDT 2019
# Start of session at: Sun Jan 30 12:14:06 2022
# Process ID: 20036
# Current directory: C:/Users/SUGARPIE/Desktop/waveform
# Command line: vivado.exe -gui_launcher_event rodinguilauncherevent1288 C:\Users\SUGARPIE\Desktop\waveform\an108_wave.xpr
# Log file: C:/Users/SUGARPIE/Desktop/waveform/vivado.log
# Journal file: C:/Users/SUGARPIE/Desktop/waveform\vivado.jou
#-----------------------------------------------------------
start_gui
open_project C:/Users/SUGARPIE/Desktop/waveform/an108_wave.xpr
INFO: [Project 1-313] Project file moved from 'E:/waveform' since last save.
Scanning sources...
Finished scanning sources
INFO: [IP_Flow 19-234] Refreshing IP repositories
INFO: [IP_Flow 19-1700] Loaded user IP repository 'c:/Users/SUGARPIE/Desktop/waveform/repo'.
INFO: [IP_Flow 19-2313] Loaded Vivado IP repository 'C:/Xilinx/Vivado/2019.2/data/ip'.
open_project: Time (s): cpu = 00:00:12 ; elapsed = 00:00:06 . Memory (MB): peak = 981.184 ; gain = 220.883
update_compile_order -fileset sources_1
exit
INFO: [Common 17-206] Exiting Vivado at Sun Jan 30 12:27:44 2022...
