#-----------------------------------------------------------
# Vivado v2019.2 (64-bit)
# SW Build 2700185 on Thu Oct 24 18:46:05 MDT 2019
# IP Build 2699827 on Thu Oct 24 21:16:38 MDT 2019
# Start of session at: Sun Jan 30 19:46:34 2022
# Process ID: 5316
# Current directory: C:/Users/SUGARPIE/Desktop/waveform
# Command line: vivado.exe -gui_launcher_event rodinguilauncherevent20864 C:\Users\SUGARPIE\Desktop\waveform\an108_wave.xpr
# Log file: C:/Users/SUGARPIE/Desktop/waveform/vivado.log
# Journal file: C:/Users/SUGARPIE/Desktop/waveform\vivado.jou
#-----------------------------------------------------------
start_gui
open_project C:/Users/SUGARPIE/Desktop/waveform/an108_wave.xpr
INFO: [Project 1-313] Project file moved from 'E:/waveform' since last save.
Scanning sources...
Finished scanning sources
INFO: [IP_Flow 19-234] Refreshing IP repositories
INFO: [IP_Flow 19-1700] Loaded user IP repository 'c:/Users/SUGARPIE/Desktop/waveform/repo'.
INFO: [IP_Flow 19-2313] Loaded Vivado IP repository 'C:/Xilinx/Vivado/2019.2/data/ip'.
open_project: Time (s): cpu = 00:00:17 ; elapsed = 00:00:07 . Memory (MB): peak = 938.398 ; gain = 239.773
update_compile_order -fileset sources_1
exit
INFO: [Common 17-206] Exiting Vivado at Sun Jan 30 19:47:15 2022...
ed to delete one or more files in run directory C:/Users/SUGARPIE/Desktop/waveform/an108_wave.runs/synth_1

launch_runs synth_1 -jobs 8
[Sun Jan 30 19:47:07 2022] Launched synth_1...
Run output will be captured here: C:/Users/SUGARPIE/Desktop/waveform/an108_wave.runs/synth_1/runme.log
launch_runs impl_1 -jobs 8
[Sun Jan 30 19:47:51 2022] Launched impl_1...
Run output will be captured here: C:/Users/SUGARPIE/Desktop/waveform/an108_wave.runs/impl_1/runme.log
launch_runs impl_1 -to_step write_bitstream -jobs 8
[Sun Jan 30 19:49:19 2022] Launched impl_1...
Run output will be captured here: C:/Users/SUGARPIE/Desktop/waveform/an108_wave.runs/impl_1/runme.log
open_hw_manager
connect_hw_server -allow_non_jtag
INFO: [Labtools 27-2285] Connecting to hw_server url TCP:localhost:3121
INFO: [Labtools 27-2222] Launching hw_server...
INFO: [Labtools 27-2221] Launch Output:

****** Xilinx hw_server v2019.2
  **** Build date : Oct 24 2019 at 19:17:01
    ** Copyright 1986-2019 Xilinx, Inc. All Rights Reserved.


INFO: [Labtools 27-3415] Connecting to cs_server url TCP:localhost:3042
INFO: [Labtools 27-3417] Launching cs_server...
INFO: [Labtools 27-2221] Launch Output:


****** Xilinx cs_server v2019.2.0
  **** Build date : Oct 25 2019-09:33:05
    ** Copyright 2017-2019 Xilinx, Inc. All Rights Reserved.



connect_hw_server: Time (s): cpu = 00:00:01 ; elapsed = 00:00:08 . Memory (MB): peak = 1174.668 ; gain = 0.000
open_hw_target
INFO: [Labtoolstcl 44-466] Opening hw_target localhost:3121/xilinx_tcf/Digilent/210512180081
open_hw_target: Time (s): cpu = 00:00:04 ; elapsed = 00:00:06 . Memory (MB): peak = 2314.859 ; gain = 1140.191
set_property PROGRAM.FILE {C:/Users/SUGARPIE/Desktop/waveform/an108_wave.runs/impl_1/top.bit} [get_hw_devices xc7z020_1]
current_hw_device [get_hw_devices xc7z020_1]
refresh_hw_device -update_hw_probes false [lindex [get_hw_devices xc7z020_1] 0]
INFO: [Labtools 27-1435] Device xc7z020 (JTAG device index = 1) is not programmed (DONE status = 0).
set_property PROBES.FILE {} [get_hw_devices xc7z020_1]
set_property FULL_PROBES.FILE {} [get_hw_devices xc7z020_1]
set_property PROGRAM.FILE {C:/Users/SUGARPIE/Desktop/waveform/an108_wave.runs/impl_1/top.bit} [get_hw_devices xc7z020_1]
program_hw_devices [get_hw_devices xc7z020_1]
INFO: [Labtools 27-3164] End of startup status: HIGH
refresh_hw_device [lindex [get_hw_devices xc7z020_1] 0]
INFO: [Labtools 27-1434] Device xc7z020 (JTAG device index = 1) is programmed with a design that has no supported debug core(s) in it.
WARNING: [IP_Flow 19-4067] Ignoring invalid widget type specified checkbox.Providing a default widget
WARNING: [IP_Flow 19-4067] Ignoring invalid widget type specified checkbox.Providing a default widget
WARNING: [IP_Flow 19-4067] Ignoring invalid widget type specified checkbox.Providing a default widget
WARNING: [IP_Flow 19-4067] Ignoring invalid widget type specified checkbox.Providing a default widget
INFO: [IP_Flow 19-3484] Absolute path of file 'c:/Users/SUGARPIE/Desktop/waveform/wavecoe/osd.coe' provided. It will be converted relative to IP Instance files '../../../../wavecoe/osd.coe'
set_property -dict [list CONFIG.Coe_File {C:/Users/SUGARPIE/Desktop/waveform/wavecoe/osd.coe}] [get_ips osd_rom]
INFO: [IP_Flow 19-3484] Absolute path of file 'c:/Users/SUGARPIE/Desktop/waveform/wavecoe/osd.coe' provided. It will be converted relative to IP Instance files '../../../../wavecoe/osd.coe'
generate_target all [get_files  C:/Users/SUGARPIE/Desktop/waveform/an108_wave.srcs/osd_rom/ip/osd_rom/osd_rom.xci]
INFO: [IP_Flow 19-1686] Generating 'Instantiation Template' target for IP 'osd_rom'...
INFO: [IP_Flow 19-1686] Generating 'Synthesis' target for IP 'osd_rom'...
INFO: [IP_Flow 19-1686] Generating 'Simulation' target for IP 'osd_rom'...
INFO: [IP_Flow 19-1686] Generating 'Miscellaneous' target for IP 'osd_rom'...
INFO: [IP_Flow 19-1686] Generating 'Change Log' target for IP 'osd_rom'...
export_ip_user_files -of_objects [get_files C:/Users/SUGARPIE/Desktop/waveform/an108_wave.srcs/osd_rom/ip/osd_rom/osd_rom.xci] -no_script -sync -force -quiet
reset_run osd_rom_synth_1
WARNING: [Vivado 12-1017] Problems encountered:
1. Failed to delete one or more files in run directory C:/Users/SUGARPIE/Desktop/waveform/an108_wave.runs/osd_rom_synth_1

launch_runs -jobs 8 osd_rom_synth_1
[Sun Jan 30 19:55:39 2022] Launched osd_rom_synth_1...
Run output will be captured here: C:/Users/SUGARPIE/Desktop/waveform/an108_wave.runs/osd_rom_synth_1/runme.log
export_simulation -of_objects [get_files C:/Users/SUGARPIE/Desktop/waveform/an108_wave.srcs/osd_rom/ip/osd_rom/osd_rom.xci] -directory C:/Users/SUGARPIE/Desktop/waveform/an108_wave.ip_user_files/sim_scripts -ip_user_files_dir C:/Users/SUGARPIE/Desktop/waveform/an108_wave.ip_user_files -ipstatic_source_dir C:/Users/SUGARPIE/Desktop/waveform/an108_wave.ip_user_files/ipstatic -lib_map_path [list {modelsim=C:/Users/SUGARPIE/Desktop/waveform/an108_wave.cache/compile_simlib/modelsim} {questa=C:/Users/SUGARPIE/Desktop/waveform/an108_wave.cache/compile_simlib/questa} {riviera=C:/Users/SUGARPIE/Desktop/waveform/an108_wave.cache/compile_simlib/riviera} {activehdl=C:/Users/SUGARPIE/Desktop/waveform/an108_wave.cache/compile_simlib/activehdl}] -use_ip_compiled_libs -force -quiet
reset_run synth_1
WARNING: [Vivado 12-1017] Problems encountered:
1. Failed to delete one or more files in run directory C:/Users/SUGARPIE/Desktop/waveform/an108_wave.runs/synth_1

launch_runs synth_1 -jobs 8
[Sun Jan 30 19:55:50 2022] Launched osd_rom_synth_1...
Run output will be captured here: C:/Users/SUGARPIE/Desktop/waveform/an108_wave.runs/osd_rom_synth_1/runme.log
[Sun Jan 30 19:55:50 2022] Launched synth_1...
Run output will be captured here: C:/Users/SUGARPIE/Desktop/waveform/an108_wave.runs/synth_1/runme.log
launch_runs impl_1 -jobs 8
[Sun Jan 30 19:57:19 2022] Launched impl_1...
Run output will be captured here: C:/Users/SUGARPIE/Desktop/waveform/an108_wave.runs/impl_1/runme.log
launch_runs impl_1 -to_step write_bitstream -jobs 8
[Sun Jan 30 19:58:23 2022] Launched impl_1...
Run output will be captured here: C:/Users/SUGARPIE/Desktop/waveform/an108_wave.runs/impl_1/runme.log
set_property PROBES.FILE {} [get_hw_devices xc7z020_1]
set_property FULL_PROBES.FILE {} [get_hw_devices xc7z020_1]
set_property PROGRAM.FILE {C:/Users/SUGARPIE/Desktop/waveform/an108_wave.runs/impl_1/top.bit} [get_hw_devices xc7z020_1]
program_hw_devices [get_hw_devices xc7z020_1]
INFO: [Labtools 27-3164] End of startup status: HIGH
refresh_hw_device [lindex [get_hw_devices xc7z020_1] 0]
INFO: [Labtools 27-1434] Device xc7z020 (JTAG device index = 1) is programmed with a design that has no supported debug core(s) in it.
reset_run synth_1
WARNING: [Vivado 12-1017] Problems encountered:
1. Failed to delete one or more files in run directory C:/Users/SUGARPIE/Desktop/waveform/an108_wave.runs/synth_1

launch_runs impl_1 -to_step write_bitstream -jobs 8
[Sun Jan 30 20:02:10 2022] Launched synth_1...
Run output will be captured here: C:/Users/SUGARPIE/Desktop/waveform/an108_wave.runs/synth_1/runme.log
[Sun Jan 30 20:02:10 2022] Launched impl_1...
Run output will be captured here: C:/Users/SUGARPIE/Desktop/waveform/an108_wave.runs/impl_1/runme.log
set_property PROBES.FILE {} [get_hw_devices xc7z020_1]
set_property FULL_PROBES.FILE {} [get_hw_devices xc7z020_1]
set_property PROGRAM.FILE {C:/Users/SUGARPIE/Desktop/waveform/an108_wave.runs/impl_1/top.bit} [get_hw_devices xc7z020_1]
program_hw_devices [get_hw_devices xc7z020_1]
INFO: [Labtools 27-3164] End of startup status: HIGH
refresh_hw_device [lindex [get_hw_devices xc7z020_1] 0]
INFO: [Labtools 27-1434] Device xc7z020 (JTAG device index = 1) is programmed with a design that has no supported debug core(s) in it.
set_property PROBES.FILE {} [get_hw_devices xc7z020_1]
set_property FULL_PROBES.FILE {} [get_hw_devices xc7z020_1]
set_property PROGRAM.FILE {C:/Users/SUGARPIE/Desktop/waveform/an108_wave.runs/impl_1/top.bit} [get_hw_devices xc7z020_1]
program_hw_devices [get_hw_devices xc7z020_1]
INFO: [Labtools 27-3164] End of startup status: HIGH
refresh_hw_device [lindex [get_hw_devices xc7z020_1] 0]
INFO: [Labtools 27-1434] Device xc7z020 (JTAG device index = 1) is programmed with a design that has no supported debug core(s) in it.
set_property PROBES.FILE {} [get_hw_devices xc7z020_1]
set_property FULL_PROBES.FILE {} [get_hw_devices xc7z020_1]
set_property PROGRAM.FILE {C:/Users/SUGARPIE/Desktop/waveform/an108_wave.runs/impl_1/top.bit} [get_hw_devices xc7z020_1]
program_hw_devices [get_hw_devices xc7z020_1]
INFO: [Labtools 27-3164] End of startup status: HIGH
refresh_hw_device [lindex [get_hw_devices xc7z020_1] 0]
INFO: [Labtools 27-1434] Device xc7z020 (JTAG device index = 1) is programmed with a design that has no supported debug core(s) in it.
reset_run impl_1 -prev_step 
launch_runs impl_1 -to_step write_bitstream -jobs 8
WARNING: [Vivado 12-872] Run step 'Design Initialization' is out-of-date.
[Sun Jan 30 20:10:18 2022] Launched impl_1...
Run output will be captured here: C:/Users/SUGARPIE/Desktop/waveform/an108_wave.runs/impl_1/runme.log
set_property PROBES.FILE {} [get_hw_devices xc7z020_1]
set_property FULL_PROBES.FILE {} [get_hw_devices xc7z020_1]
set_property PROGRAM.FILE {C:/Users/SUGARPIE/Desktop/waveform/an108_wave.runs/impl_1/top.bit} [get_hw_devices xc7z020_1]
program_hw_devices [get_hw_devices xc7z020_1]
INFO: [Labtools 27-3164] End of startup status: HIGH
refresh_hw_device [lindex [get_hw_devices xc7z020_1] 0]
INFO: [Labtools 27-1434] Device xc7z020 (JTAG device index = 1) is programmed with a design that has no supported debug core(s) in it.
WARNING: [IP_Flow 19-4067] Ignoring invalid widget type specified checkbox.Providing a default widget
WARNING: [IP_Flow 19-4067] Ignoring invalid widget type specified checkbox.Providing a default widget
set_property PROBES.FILE {} [get_hw_devices xc7z020_1]
set_property FULL_PROBES.FILE {} [get_hw_devices xc7z020_1]
set_property PROGRAM.FILE {C:/Users/SUGARPIE/Desktop/waveform/an108_wave.runs/impl_1/top.bit} [get_hw_devices xc7z020_1]
program_hw_devices [get_hw_devices xc7z020_1]
INFO: [Labtools 27-3164] End of startup status: HIGH
refresh_hw_device [lindex [get_hw_devices xc7z020_1] 0]
INFO: [Labtools 27-1434] Device xc7z020 (JTAG device index = 1) is programmed with a design that has no supported debug core(s) in it.
WARNING: [IP_Flow 19-4067] Ignoring invalid widget type specified checkbox.Providing a default widget
WARNING: [IP_Flow 19-4067] Ignoring invalid widget type specified checkbox.Providing a default widget
reset_run synth_1
WARNING: [Vivado 12-1017] Problems encountered:
1. Failed to delete one or more files in run directory C:/Users/SUGARPIE/Desktop/waveform/an108_wave.runs/synth_1

launch_runs impl_1 -to_step write_bitstream -jobs 8
[Sun Jan 30 20:14:32 2022] Launched synth_1...
Run output will be captured here: C:/Users/SUGARPIE/Desktop/waveform/an108_wave.runs/synth_1/runme.log
[Sun Jan 30 20:14:32 2022] Launched impl_1...
Run output will be captured here: C:/Users/SUGARPIE/Desktop/waveform/an108_wave.runs/impl_1/runme.log
set_property PROBES.FILE {} [get_hw_devices xc7z020_1]
set_property FULL_PROBES.FILE {} [get_hw_devices xc7z020_1]
set_property PROGRAM.FILE {C:/Users/SUGARPIE/Desktop/waveform/an108_wave.runs/impl_1/top.bit} [get_hw_devices xc7z020_1]
program_hw_devices [get_hw_devices xc7z020_1]
INFO: [Labtools 27-3164] End of startup status: HIGH
refresh_hw_device [lindex [get_hw_devices xc7z020_1] 0]
INFO: [Labtools 27-1434] Device xc7z020 (JTAG device index = 1) is programmed with a design that has no supported debug core(s) in it.
set_property PROBES.FILE {} [get_hw_devices xc7z020_1]
set_property FULL_PROBES.FILE {} [get_hw_devices xc7z020_1]
set_property PROGRAM.FILE {C:/Users/SUGARPIE/Desktop/waveform/an108_wave.runs/impl_1/top.bit} [get_hw_devices xc7z020_1]
program_hw_devices [get_hw_devices xc7z020_1]
INFO: [Labtools 27-3164] End of startup status: HIGH
refresh_hw_device [lindex [get_hw_devices xc7z020_1] 0]
INFO: [Labtools 27-1434] Device xc7z020 (JTAG device index = 1) is programmed with a design that has no supported debug core(s) in it.
reset_run impl_1 -prev_step 
launch_runs impl_1 -to_step write_bitstream -jobs 8
WARNING: [Vivado 12-872] Run step 'Design Initialization' is out-of-date.
[Sun Jan 30 20:17:46 2022] Launched impl_1...
Run output will be captured here: C:/Users/SUGARPIE/Desktop/waveform/an108_wave.runs/impl_1/runme.log
set_property PROBES.FILE {} [get_hw_devices xc7z020_1]
set_property FULL_PROBES.FILE {} [get_hw_devices xc7z020_1]
set_property PROGRAM.FILE {C:/Users/SUGARPIE/Desktop/waveform/an108_wave.runs/impl_1/top.bit} [get_hw_devices xc7z020_1]
program_hw_devices [get_hw_devices xc7z020_1]
INFO: [Labtools 27-3164] End of startup status: HIGH
refresh_hw_device [lindex [get_hw_devices xc7z020_1] 0]
INFO: [Labtools 27-1434] Device xc7z020 (JTAG device index = 1) is programmed with a design that has no supported debug core(s) in it.
set_property PROBES.FILE {} [get_hw_devices xc7z020_1]
set_property FULL_PROBES.FILE {} [get_hw_devices xc7z020_1]
set_property PROGRAM.FILE {C:/Users/SUGARPIE/Desktop/waveform/an108_wave.runs/impl_1/top.bit} [get_hw_devices xc7z020_1]
program_hw_devices [get_hw_devices xc7z020_1]
INFO: [Labtools 27-3164] End of startup status: HIGH
refresh_hw_device [lindex [get_hw_devices xc7z020_1] 0]
INFO: [Labtools 27-1434] Device xc7z020 (JTAG device index = 1) is programmed with a design that has no supported debug core(s) in it.
reset_run synth_1
WARNING: [Vivado 12-1017] Problems encountered:
1. Failed to delete one or more files in run directory C:/Users/SUGARPIE/Desktop/waveform/an108_wave.runs/synth_1

launch_runs impl_1 -to_step write_bitstream -jobs 8
[Sun Jan 30 20:20:26 2022] Launched synth_1...
Run output will be captured here: C:/Users/SUGARPIE/Desktop/waveform/an108_wave.runs/synth_1/runme.log
[Sun Jan 30 20:20:27 2022] Launched impl_1...
Run output will be captured here: C:/Users/SUGARPIE/Desktop/waveform/an108_wave.runs/impl_1/runme.log
set_property PROBES.FILE {} [get_hw_devices xc7z020_1]
set_property FULL_PROBES.FILE {} [get_hw_devices xc7z020_1]
set_property PROGRAM.FILE {C:/Users/SUGARPIE/Desktop/waveform/an108_wave.runs/impl_1/top.bit} [get_hw_devices xc7z020_1]
program_hw_devices [get_hw_devices xc7z020_1]
INFO: [Labtools 27-3164] End of startup status: HIGH
refresh_hw_device [lindex [get_hw_devices xc7z020_1] 0]
INFO: [Labtools 27-1434] Device xc7z020 (JTAG device index = 1) is programmed with a design that has no supported debug core(s) in it.
set_property PROBES.FILE {} [get_hw_devices xc7z020_1]
set_property FULL_PROBES.FILE {} [get_hw_devices xc7z020_1]
set_property PROGRAM.FILE {C:/Users/SUGARPIE/Desktop/waveform/an108_wave.runs/impl_1/top.bit} [get_hw_devices xc7z020_1]
program_hw_devices [get_hw_devices xc7z020_1]
INFO: [Labtools 27-3164] End of startup status: HIGH
refresh_hw_device [lindex [get_hw_devices xc7z020_1] 0]
INFO: [Labtools 27-1434] Device xc7z020 (JTAG device index = 1) is programmed with a design that has no supported debug core(s) in it.
reset_run synth_1
WARNING: [Vivado 12-1017] Problems encountered:
1. Failed to delete one or more files in run directory C:/Users/SUGARPIE/Desktop/waveform/an108_wave.runs/synth_1

launch_runs synth_1 -jobs 8
[Sun Jan 30 20:25:07 2022] Launched synth_1...
Run output will be captured here: C:/Users/SUGARPIE/Desktop/waveform/an108_wave.runs/synth_1/runme.log
launch_runs impl_1 -jobs 8
[Sun Jan 30 20:26:04 2022] Launched impl_1...
Run output will be captured here: C:/Users/SUGARPIE/Desktop/waveform/an108_wave.runs/impl_1/runme.log
launch_runs impl_1 -to_step write_bitstream -jobs 8
[Sun Jan 30 20:27:10 2022] Launched impl_1...
Run output will be captured here: C:/Users/SUGARPIE/Desktop/waveform/an108_wave.runs/impl_1/runme.log
set_property PROBES.FILE {} [get_hw_devices xc7z020_1]
set_property FULL_PROBES.FILE {} [get_hw_devices xc7z020_1]
set_property PROGRAM.FILE {C:/Users/SUGARPIE/Desktop/waveform/an108_wave.runs/impl_1/top.bit} [get_hw_devices xc7z020_1]
program_hw_devices [get_hw_devices xc7z020_1]
INFO: [Labtools 27-3164] End of startup status: HIGH
refresh_hw_device [lindex [get_hw_devices xc7z020_1] 0]
INFO: [Labtools 27-1434] Device xc7z020 (JTAG device index = 1) is programmed with a design that has no supported debug core(s) in it.
set_property PROBES.FILE {} [get_hw_devices xc7z020_1]
set_property FULL_PROBES.FILE {} [get_hw_devices xc7z020_1]
set_property PROGRAM.FILE {C:/Users/SUGARPIE/Desktop/waveform/an108_wave.runs/impl_1/top.bit} [get_hw_devices xc7z020_1]
program_hw_devices [get_hw_devices xc7z020_1]
INFO: [Labtools 27-3164] End of startup status: HIGH
refresh_hw_device [lindex [get_hw_devices xc7z020_1] 0]
INFO: [Labtools 27-1434] Device xc7z020 (JTAG device index = 1) is programmed with a design that has no supported debug core(s) in it.
exit
INFO: [Common 17-206] Exiting Vivado at Sun Jan 30 20:28:57 2022...
