#-----------------------------------------------------------
# Vivado v2019.2 (64-bit)
# SW Build 2700185 on Thu Oct 24 18:46:05 MDT 2019
# IP Build 2699827 on Thu Oct 24 21:16:38 MDT 2019
# Start of session at: Sun Jan 30 17:10:35 2022
# Process ID: 11188
# Current directory: C:/Users/SUGARPIE/Desktop/waveform
# Command line: vivado.exe -gui_launcher_event rodinguilauncherevent8624 C:\Users\SUGARPIE\Desktop\waveform\an108_wave.xpr
# Log file: C:/Users/SUGARPIE/Desktop/waveform/vivado.log
# Journal file: C:/Users/SUGARPIE/Desktop/waveform\vivado.jou
#-----------------------------------------------------------
start_gui
open_project C:/Users/SUGARPIE/Desktop/waveform/an108_wave.xpr
INFO: [Project 1-313] Project file moved from 'E:/waveform' since last save.
Scanning sources...
Finished scanning sources
INFO: [IP_Flow 19-234] Refreshing IP repositories
INFO: [IP_Flow 19-1700] Loaded user IP repository 'c:/Users/SUGARPIE/Desktop/waveform/repo'.
INFO: [IP_Flow 19-2313] Loaded Vivado IP repository 'C:/Xilinx/Vivado/2019.2/data/ip'.
open_project: Time (s): cpu = 00:00:12 ; elapsed = 00:00:08 . Memory (MB): peak = 941.297 ; gain = 204.863
update_compile_order -fileset sources_1
WARNING: [IP_Flow 19-4067] Ignoring invalid widget type specified checkbox.Providing a default widget
WARNING: [IP_Flow 19-4067] Ignoring invalid widget type specified checkbox.Providing a default widget
exit
INFO: [Common 17-206] Exiting Vivado at Sun Jan 30 17:14:18 2022...
